Change Component Designator: OldDesignator=J2 NewDesignator=J3
Change Component Designator: OldDesignator=J3 NewDesignator=J4
Change Component Designator: OldDesignator=J4 NewDesignator=J2
Change Component Designator: OldDesignator=R5 NewDesignator=R10
Change Component Designator: OldDesignator=R6 NewDesignator=R5
Change Component Designator: OldDesignator=R7 NewDesignator=R6
Change Component Designator: OldDesignator=R8 NewDesignator=R7
Change Component Designator: OldDesignator=R9 NewDesignator=R8
Change Component Designator: OldDesignator=R10 NewDesignator=R9
Change Component Designator: OldDesignator=R12 NewDesignator=R26
Change Component Designator: OldDesignator=R13 NewDesignator=R27
Change Component Designator: OldDesignator=R14 NewDesignator=R29
Change Component Designator: OldDesignator=R15 NewDesignator=R33
Change Component Designator: OldDesignator=R16 NewDesignator=R34
Change Component Designator: OldDesignator=R17 NewDesignator=R35
Change Component Designator: OldDesignator=R18 NewDesignator=R36
Change Component Designator: OldDesignator=R19 NewDesignator=R37
Change Component Designator: OldDesignator=R20 NewDesignator=R12
Change Component Designator: OldDesignator=R21 NewDesignator=R13
Change Component Designator: OldDesignator=R22 NewDesignator=R14
Change Component Designator: OldDesignator=R23 NewDesignator=R15
Change Component Designator: OldDesignator=R24 NewDesignator=R16
Change Component Designator: OldDesignator=R25 NewDesignator=R17
Change Component Designator: OldDesignator=R26 NewDesignator=R18
Change Component Designator: OldDesignator=R27 NewDesignator=R19
Change Component Designator: OldDesignator=R28 NewDesignator=R20
Change Component Designator: OldDesignator=R29 NewDesignator=R21
Change Component Designator: OldDesignator=R30 NewDesignator=R22
Change Component Designator: OldDesignator=R31 NewDesignator=R23
Change Component Designator: OldDesignator=R32 NewDesignator=R24
Change Component Designator: OldDesignator=R33 NewDesignator=R25
Change Component Designator: OldDesignator=R34 NewDesignator=R28
Change Component Designator: OldDesignator=R35 NewDesignator=R30
Change Component Designator: OldDesignator=R36 NewDesignator=R31
Change Component Designator: OldDesignator=R37 NewDesignator=R32
Change Component Designator: OldDesignator=U1 NewDesignator=U2
Change Component Designator: OldDesignator=U2 NewDesignator=U1
Change Component Designator: OldDesignator=U4 NewDesignator=U9
Change Component Designator: OldDesignator=U5 NewDesignator=U4
Change Component Designator: OldDesignator=U6 NewDesignator=U5
Change Component Designator: OldDesignator=U7 NewDesignator=U6
Change Component Designator: OldDesignator=U8 NewDesignator=U10
Change Component Designator: OldDesignator=U9 NewDesignator=U8
Change Component Designator: OldDesignator=U10 NewDesignator=U11
Change Component Designator: OldDesignator=U NewDesignator=U7
Add Pin To Net: Unknown Pin: Pin J1-1
Add Pin To Net: Unknown Pin: Pin U5-11
Add Pin To Net: Unknown Pin: Pin U5-14
Change Net Name : Old Net Name=NetR6_1 New Net Name=NetR5_1
Change Net Name : Old Net Name=NetR7_1 New Net Name=NetR6_1
Change Net Name : Old Net Name=NetR8_1 New Net Name=NetR7_1
Change Net Name : Old Net Name=NetR9_1 New Net Name=NetR8_1
Change Net Name : Old Net Name=NetR9_2 New Net Name=NetR8_2
Change Net Name : Old Net Name=NetR18_2 New Net Name=NetR36_2
Change Net Name : Old Net Name=NetR20_2 New Net Name=NetR12_2
Change Net Name : Old Net Name=NetR22_1 New Net Name=NetR14_1
Change Net Name : Old Net Name=NetR22_2 New Net Name=NetR14_2
Change Net Name : Old Net Name=NetR24_1 New Net Name=NetR16_1
Change Net Name : Old Net Name=NetR24_2 New Net Name=NetR16_2
Change Net Name : Old Net Name=NetR25_2 New Net Name=NetR17_2
Change Net Name : Old Net Name=NetR28_1 New Net Name=NetR20_1
Change Net Name : Old Net Name=NetR28_2 New Net Name=NetR20_2
Change Net Name : Old Net Name=NetR29_2 New Net Name=NetR21_2
Change Net Name : Old Net Name=NetR32_1 New Net Name=NetR24_1
Change Net Name : Old Net Name=NetR32_2 New Net Name=NetR24_2
Change Net Name : Old Net Name=NetR35_1 New Net Name=NetR30_1
Change Net Name : Old Net Name=NetR35_2 New Net Name=NetR30_2
Change Net Name : Old Net Name=NetU1_3 New Net Name=NetU2_3
Change Net Name : Old Net Name=NetU5_1 New Net Name=NetU4_1
Change Net Name : Old Net Name=NetU7_1 New Net Name=NetU6_1
Change Net Name : Old Net Name=NetU9_1 New Net Name=NetU8_1
Change Net Name : Old Net Name=NetU_2 New Net Name=NetU7_2
Added Pin To Net: NetName=NetR22_2 Pin=R22-2
Added Pin To Net: NetName=NetR22_2 Pin=R23-1
Added Net: Name=NetR22_2
Added Pin To Net: NetName=NetU5_12 Pin=VR5-2
Added Net: Name=NetU5_12
